This file contains any messages produced by compilers while
running configure, to aid debugging if configure makes a mistake.

It was created by configure, which was
generated by GNU Autoconf 2.69.  Invocation command line was

  $ ./configure 

## --------- ##
## Platform. ##
## --------- ##

hostname = lcschv
uname -m = x86_64
uname -r = 4.4.0-22-generic
uname -s = Linux
uname -v = #39-Ubuntu SMP Thu May 5 16:53:32 UTC 2016

/usr/bin/uname -p = unknown
/bin/uname -X     = unknown

/bin/arch              = unknown
/usr/bin/arch -k       = unknown
/usr/convex/getsysinfo = unknown
/usr/bin/hostinfo      = unknown
/bin/machine           = unknown
/usr/bin/oslevel       = unknown
/bin/universe          = unknown

PATH: /usr/local/sbin
PATH: /usr/local/bin
PATH: /usr/sbin
PATH: /usr/bin
PATH: /sbin
PATH: /bin


## ----------- ##
## Core tests. ##
## ----------- ##

configure:2364: checking for a BSD-compatible install
configure:2432: result: /usr/bin/install -c
configure:2443: checking whether build environment is sane
configure:2498: result: yes
configure:2649: checking for a thread-safe mkdir -p
configure:2688: result: /bin/mkdir -p
configure:2695: checking for gawk
configure:2725: result: no
configure:2695: checking for mawk
configure:2711: found /usr/bin/mawk
configure:2722: result: mawk
configure:2733: checking whether make sets $(MAKE)
configure:2755: result: yes
configure:2784: checking whether make supports nested variables
configure:2801: result: yes
configure:3021: checking for g++
configure:3037: found /usr/bin/g++
configure:3048: result: g++
configure:3075: checking for C++ compiler version
configure:3084: g++ --version >&5
g++ (Ubuntu 5.3.1-14ubuntu2) 5.3.1 20160413
Copyright (C) 2015 Free Software Foundation, Inc.
This is free software; see the source for copying conditions.  There is NO
warranty; not even for MERCHANTABILITY or FITNESS FOR A PARTICULAR PURPOSE.

configure:3095: $? = 0
configure:3084: g++ -v >&5
Using built-in specs.
COLLECT_GCC=g++
COLLECT_LTO_WRAPPER=/usr/lib/gcc/x86_64-linux-gnu/5/lto-wrapper
Target: x86_64-linux-gnu
Configured with: ../src/configure -v --with-pkgversion='Ubuntu 5.3.1-14ubuntu2' --with-bugurl=file:///usr/share/doc/gcc-5/README.Bugs --enable-languages=c,ada,c++,java,go,d,fortran,objc,obj-c++ --prefix=/usr --program-suffix=-5 --enable-shared --enable-linker-build-id --libexecdir=/usr/lib --without-included-gettext --enable-threads=posix --libdir=/usr/lib --enable-nls --with-sysroot=/ --enable-clocale=gnu --enable-libstdcxx-debug --enable-libstdcxx-time=yes --with-default-libstdcxx-abi=new --enable-gnu-unique-object --disable-vtable-verify --enable-libmpx --enable-plugin --with-system-zlib --disable-browser-plugin --enable-java-awt=gtk --enable-gtk-cairo --with-java-home=/usr/lib/jvm/java-1.5.0-gcj-5-amd64/jre --enable-java-home --with-jvm-root-dir=/usr/lib/jvm/java-1.5.0-gcj-5-amd64 --with-jvm-jar-dir=/usr/lib/jvm-exports/java-1.5.0-gcj-5-amd64 --with-arch-directory=amd64 --with-ecj-jar=/usr/share/java/eclipse-ecj.jar --enable-objc-gc --enable-multiarch --disable-werror --with-arch-32=i686 --with-abi=m64 --with-multilib-list=m32,m64,mx32 --enable-multilib --with-tune=generic --enable-checking=release --build=x86_64-linux-gnu --host=x86_64-linux-gnu --target=x86_64-linux-gnu
Thread model: posix
gcc version 5.3.1 20160413 (Ubuntu 5.3.1-14ubuntu2) 
configure:3095: $? = 0
configure:3084: g++ -V >&5
g++: error: unrecognized command line option '-V'
g++: fatal error: no input files
compilation terminated.
configure:3095: $? = 1
configure:3084: g++ -qversion >&5
g++: error: unrecognized command line option '-qversion'
g++: fatal error: no input files
compilation terminated.
configure:3095: $? = 1
configure:3115: checking whether the C++ compiler works
configure:3137: g++    conftest.cpp  >&5
configure:3141: $? = 0
configure:3189: result: yes
configure:3192: checking for C++ compiler default output file name
configure:3194: result: a.out
configure:3200: checking for suffix of executables
configure:3207: g++ -o conftest    conftest.cpp  >&5
configure:3211: $? = 0
configure:3233: result: 
configure:3255: checking whether we are cross compiling
configure:3263: g++ -o conftest    conftest.cpp  >&5
configure:3267: $? = 0
configure:3274: ./conftest
configure:3278: $? = 0
configure:3293: result: no
configure:3298: checking for suffix of object files
configure:3320: g++ -c   conftest.cpp >&5
configure:3324: $? = 0
configure:3345: result: o
configure:3349: checking whether we are using the GNU C++ compiler
configure:3368: g++ -c   conftest.cpp >&5
configure:3368: $? = 0
configure:3377: result: yes
configure:3386: checking whether g++ accepts -g
configure:3406: g++ -c -g  conftest.cpp >&5
configure:3406: $? = 0
configure:3447: result: yes
configure:3481: checking for style of include used by make
configure:3509: result: GNU
configure:3535: checking dependency style of g++
configure:3646: result: gcc3
configure:3709: checking for gcc
configure:3725: found /usr/bin/gcc
configure:3736: result: gcc
configure:3965: checking for C compiler version
configure:3974: gcc --version >&5
gcc (Ubuntu 5.3.1-14ubuntu2) 5.3.1 20160413
Copyright (C) 2015 Free Software Foundation, Inc.
This is free software; see the source for copying conditions.  There is NO
warranty; not even for MERCHANTABILITY or FITNESS FOR A PARTICULAR PURPOSE.

configure:3985: $? = 0
configure:3974: gcc -v >&5
Using built-in specs.
COLLECT_GCC=gcc
COLLECT_LTO_WRAPPER=/usr/lib/gcc/x86_64-linux-gnu/5/lto-wrapper
Target: x86_64-linux-gnu
Configured with: ../src/configure -v --with-pkgversion='Ubuntu 5.3.1-14ubuntu2' --with-bugurl=file:///usr/share/doc/gcc-5/README.Bugs --enable-languages=c,ada,c++,java,go,d,fortran,objc,obj-c++ --prefix=/usr --program-suffix=-5 --enable-shared --enable-linker-build-id --libexecdir=/usr/lib --without-included-gettext --enable-threads=posix --libdir=/usr/lib --enable-nls --with-sysroot=/ --enable-clocale=gnu --enable-libstdcxx-debug --enable-libstdcxx-time=yes --with-default-libstdcxx-abi=new --enable-gnu-unique-object --disable-vtable-verify --enable-libmpx --enable-plugin --with-system-zlib --disable-browser-plugin --enable-java-awt=gtk --enable-gtk-cairo --with-java-home=/usr/lib/jvm/java-1.5.0-gcj-5-amd64/jre --enable-java-home --with-jvm-root-dir=/usr/lib/jvm/java-1.5.0-gcj-5-amd64 --with-jvm-jar-dir=/usr/lib/jvm-exports/java-1.5.0-gcj-5-amd64 --with-arch-directory=amd64 --with-ecj-jar=/usr/share/java/eclipse-ecj.jar --enable-objc-gc --enable-multiarch --disable-werror --with-arch-32=i686 --with-abi=m64 --with-multilib-list=m32,m64,mx32 --enable-multilib --with-tune=generic --enable-checking=release --build=x86_64-linux-gnu --host=x86_64-linux-gnu --target=x86_64-linux-gnu
Thread model: posix
gcc version 5.3.1 20160413 (Ubuntu 5.3.1-14ubuntu2) 
configure:3985: $? = 0
configure:3974: gcc -V >&5
gcc: error: unrecognized command line option '-V'
gcc: fatal error: no input files
compilation terminated.
configure:3985: $? = 1
configure:3974: gcc -qversion >&5
gcc: error: unrecognized command line option '-qversion'
gcc: fatal error: no input files
compilation terminated.
configure:3985: $? = 1
configure:3989: checking whether we are using the GNU C compiler
configure:4008: gcc -c   conftest.c >&5
configure:4008: $? = 0
configure:4017: result: yes
configure:4026: checking whether gcc accepts -g
configure:4046: gcc -c -g  conftest.c >&5
configure:4046: $? = 0
configure:4087: result: yes
configure:4104: checking for gcc option to accept ISO C89
configure:4167: gcc  -c -g -O2  conftest.c >&5
configure:4167: $? = 0
configure:4180: result: none needed
configure:4205: checking whether gcc understands -c and -o together
configure:4227: gcc -c conftest.c -o conftest2.o
configure:4230: $? = 0
configure:4227: gcc -c conftest.c -o conftest2.o
configure:4230: $? = 0
configure:4242: result: yes
configure:4261: checking dependency style of gcc
configure:4372: result: gcc3
configure:4392: checking for flex
configure:4422: result: no
configure:4392: checking for lex
configure:4422: result: no
configure:4554: checking for bison
configure:4584: result: no
configure:4554: checking for byacc
configure:4584: result: no
configure:4622: checking build system type
configure:4636: result: x86_64-unknown-linux-gnu
configure:4656: checking host system type
configure:4669: result: x86_64-unknown-linux-gnu
configure:4710: checking how to print strings
configure:4737: result: printf
configure:4758: checking for a sed that does not truncate output
configure:4822: result: /bin/sed
configure:4840: checking for grep that handles long lines and -e
configure:4898: result: /bin/grep
configure:4903: checking for egrep
configure:4965: result: /bin/grep -E
configure:4970: checking for fgrep
configure:5032: result: /bin/grep -F
configure:5067: checking for ld used by gcc
configure:5134: result: /usr/bin/ld
configure:5141: checking if the linker (/usr/bin/ld) is GNU ld
configure:5156: result: yes
configure:5168: checking for BSD- or MS-compatible name lister (nm)
configure:5222: result: /usr/bin/nm -B
configure:5352: checking the name lister (/usr/bin/nm -B) interface
configure:5359: gcc -c -g -O2  conftest.c >&5
configure:5362: /usr/bin/nm -B "conftest.o"
configure:5365: output
0000000000000000 B some_variable
configure:5372: result: BSD nm
configure:5375: checking whether ln -s works
configure:5379: result: yes
configure:5387: checking the maximum length of command line arguments
configure:5518: result: 1572864
configure:5566: checking how to convert x86_64-unknown-linux-gnu file names to x86_64-unknown-linux-gnu format
configure:5606: result: func_convert_file_noop
configure:5613: checking how to convert x86_64-unknown-linux-gnu file names to toolchain format
configure:5633: result: func_convert_file_noop
configure:5640: checking for /usr/bin/ld option to reload object files
configure:5647: result: -r
configure:5721: checking for objdump
configure:5737: found /usr/bin/objdump
configure:5748: result: objdump
configure:5780: checking how to recognize dependent libraries
configure:5980: result: pass_all
configure:6065: checking for dlltool
configure:6095: result: no
configure:6125: checking how to associate runtime and link libraries
configure:6152: result: printf %s\n
configure:6212: checking for ar
configure:6228: found /usr/bin/ar
configure:6239: result: ar
configure:6276: checking for archiver @FILE support
configure:6293: gcc -c -g -O2  conftest.c >&5
configure:6293: $? = 0
configure:6296: ar cru libconftest.a @conftest.lst >&5
ar: `u' modifier ignored since `D' is the default (see `U')
configure:6299: $? = 0
configure:6304: ar cru libconftest.a @conftest.lst >&5
ar: `u' modifier ignored since `D' is the default (see `U')
ar: conftest.o: No such file or directory
configure:6307: $? = 1
configure:6319: result: @
configure:6377: checking for strip
configure:6393: found /usr/bin/strip
configure:6404: result: strip
configure:6476: checking for ranlib
configure:6492: found /usr/bin/ranlib
configure:6503: result: ranlib
configure:6605: checking command to parse /usr/bin/nm -B output from gcc object
configure:6758: gcc -c -g -O2  conftest.c >&5
configure:6761: $? = 0
configure:6765: /usr/bin/nm -B conftest.o \| sed -n -e 's/^.*[ ]\([ABCDGIRSTW][ABCDGIRSTW]*\)[ ][ ]*\([_A-Za-z][_A-Za-z0-9]*\)$/\1 \2 \2/p' | sed '/ __gnu_lto/d' \> conftest.nm
configure:6768: $? = 0
configure:6834: gcc -o conftest -g -O2   conftest.c conftstm.o >&5
configure:6837: $? = 0
configure:6875: result: ok
configure:6922: checking for sysroot
configure:6952: result: no
configure:6959: checking for a working dd
configure:6997: result: /bin/dd
configure:7001: checking how to truncate binary pipes
configure:7016: result: /bin/dd bs=4096 count=1
configure:7152: gcc -c -g -O2  conftest.c >&5
configure:7155: $? = 0
configure:7345: checking for mt
configure:7361: found /bin/mt
configure:7372: result: mt
configure:7395: checking if mt is a manifest tool
configure:7401: mt '-?'
configure:7409: result: no
configure:8086: checking how to run the C preprocessor
configure:8117: gcc -E  conftest.c
configure:8117: $? = 0
configure:8131: gcc -E  conftest.c
conftest.c:11:28: fatal error: ac_nonexistent.h: No such file or directory
compilation terminated.
configure:8131: $? = 1
configure: failed program was:
| /* confdefs.h */
| #define PACKAGE_NAME ""
| #define PACKAGE_TARNAME ""
| #define PACKAGE_VERSION ""
| #define PACKAGE_STRING ""
| #define PACKAGE_BUGREPORT ""
| #define PACKAGE_URL ""
| #define PACKAGE "htmlcxx"
| #define VERSION "0.86"
| /* end confdefs.h.  */
| #include <ac_nonexistent.h>
configure:8156: result: gcc -E
configure:8176: gcc -E  conftest.c
configure:8176: $? = 0
configure:8190: gcc -E  conftest.c
conftest.c:11:28: fatal error: ac_nonexistent.h: No such file or directory
compilation terminated.
configure:8190: $? = 1
configure: failed program was:
| /* confdefs.h */
| #define PACKAGE_NAME ""
| #define PACKAGE_TARNAME ""
| #define PACKAGE_VERSION ""
| #define PACKAGE_STRING ""
| #define PACKAGE_BUGREPORT ""
| #define PACKAGE_URL ""
| #define PACKAGE "htmlcxx"
| #define VERSION "0.86"
| /* end confdefs.h.  */
| #include <ac_nonexistent.h>
configure:8219: checking for ANSI C header files
configure:8239: gcc -c -g -O2  conftest.c >&5
configure:8239: $? = 0
configure:8312: gcc -o conftest -g -O2   conftest.c  >&5
configure:8312: $? = 0
configure:8312: ./conftest
configure:8312: $? = 0
configure:8323: result: yes
configure:8336: checking for sys/types.h
configure:8336: gcc -c -g -O2  conftest.c >&5
configure:8336: $? = 0
configure:8336: result: yes
configure:8336: checking for sys/stat.h
configure:8336: gcc -c -g -O2  conftest.c >&5
configure:8336: $? = 0
configure:8336: result: yes
configure:8336: checking for stdlib.h
configure:8336: gcc -c -g -O2  conftest.c >&5
configure:8336: $? = 0
configure:8336: result: yes
configure:8336: checking for string.h
configure:8336: gcc -c -g -O2  conftest.c >&5
configure:8336: $? = 0
configure:8336: result: yes
configure:8336: checking for memory.h
configure:8336: gcc -c -g -O2  conftest.c >&5
configure:8336: $? = 0
configure:8336: result: yes
configure:8336: checking for strings.h
configure:8336: gcc -c -g -O2  conftest.c >&5
configure:8336: $? = 0
configure:8336: result: yes
configure:8336: checking for inttypes.h
configure:8336: gcc -c -g -O2  conftest.c >&5
configure:8336: $? = 0
configure:8336: result: yes
configure:8336: checking for stdint.h
configure:8336: gcc -c -g -O2  conftest.c >&5
configure:8336: $? = 0
configure:8336: result: yes
configure:8336: checking for unistd.h
configure:8336: gcc -c -g -O2  conftest.c >&5
configure:8336: $? = 0
configure:8336: result: yes
configure:8350: checking for dlfcn.h
configure:8350: gcc -c -g -O2  conftest.c >&5
configure:8350: $? = 0
configure:8350: result: yes
configure:8587: checking for objdir
configure:8602: result: .libs
configure:8862: checking if gcc supports -fno-rtti -fno-exceptions
configure:8880: gcc -c -g -O2  -fno-rtti -fno-exceptions conftest.c >&5
cc1: warning: command line option '-fno-rtti' is valid for C++/ObjC++ but not for C
configure:8884: $? = 0
configure:8897: result: no
configure:9255: checking for gcc option to produce PIC
configure:9262: result: -fPIC -DPIC
configure:9270: checking if gcc PIC flag -fPIC -DPIC works
configure:9288: gcc -c -g -O2  -fPIC -DPIC -DPIC conftest.c >&5
configure:9292: $? = 0
configure:9305: result: yes
configure:9334: checking if gcc static flag -static works
configure:9362: result: yes
configure:9377: checking if gcc supports -c -o file.o
configure:9398: gcc -c -g -O2  -o out/conftest2.o conftest.c >&5
configure:9402: $? = 0
configure:9424: result: yes
configure:9432: checking if gcc supports -c -o file.o
configure:9479: result: yes
configure:9512: checking whether the gcc linker (/usr/bin/ld -m elf_x86_64) supports shared libraries
configure:10771: result: yes
configure:10808: checking whether -lc should be explicitly linked in
configure:10816: gcc -c -g -O2  conftest.c >&5
configure:10819: $? = 0
configure:10834: gcc -shared  -fPIC -DPIC conftest.o  -v -Wl,-soname -Wl,conftest -o conftest 2\>\&1 \| /bin/grep  -lc  \>/dev/null 2\>\&1
configure:10837: $? = 0
configure:10851: result: no
configure:11011: checking dynamic linker characteristics
configure:11592: gcc -o conftest -g -O2   -Wl,-rpath -Wl,/foo conftest.c  >&5
configure:11592: $? = 0
configure:11829: result: GNU/Linux ld.so
configure:11951: checking how to hardcode library paths into programs
configure:11976: result: immediate
configure:12524: checking whether stripping libraries is possible
configure:12529: result: yes
configure:12564: checking if libtool supports shared libraries
configure:12566: result: yes
configure:12569: checking whether to build shared libraries
configure:12594: result: yes
configure:12597: checking whether to build static libraries
configure:12601: result: no
configure:12624: checking how to run the C++ preprocessor
configure:12651: g++ -E  conftest.cpp
configure:12651: $? = 0
configure:12665: g++ -E  conftest.cpp
conftest.cpp:23:28: fatal error: ac_nonexistent.h: No such file or directory
compilation terminated.
configure:12665: $? = 1
configure: failed program was:
| /* confdefs.h */
| #define PACKAGE_NAME ""
| #define PACKAGE_TARNAME ""
| #define PACKAGE_VERSION ""
| #define PACKAGE_STRING ""
| #define PACKAGE_BUGREPORT ""
| #define PACKAGE_URL ""
| #define PACKAGE "htmlcxx"
| #define VERSION "0.86"
| #define STDC_HEADERS 1
| #define HAVE_SYS_TYPES_H 1
| #define HAVE_SYS_STAT_H 1
| #define HAVE_STDLIB_H 1
| #define HAVE_STRING_H 1
| #define HAVE_MEMORY_H 1
| #define HAVE_STRINGS_H 1
| #define HAVE_INTTYPES_H 1
| #define HAVE_STDINT_H 1
| #define HAVE_UNISTD_H 1
| #define HAVE_DLFCN_H 1
| #define LT_OBJDIR ".libs/"
| /* end confdefs.h.  */
| #include <ac_nonexistent.h>
configure:12690: result: g++ -E
configure:12710: g++ -E  conftest.cpp
configure:12710: $? = 0
configure:12724: g++ -E  conftest.cpp
conftest.cpp:23:28: fatal error: ac_nonexistent.h: No such file or directory
compilation terminated.
configure:12724: $? = 1
configure: failed program was:
| /* confdefs.h */
| #define PACKAGE_NAME ""
| #define PACKAGE_TARNAME ""
| #define PACKAGE_VERSION ""
| #define PACKAGE_STRING ""
| #define PACKAGE_BUGREPORT ""
| #define PACKAGE_URL ""
| #define PACKAGE "htmlcxx"
| #define VERSION "0.86"
| #define STDC_HEADERS 1
| #define HAVE_SYS_TYPES_H 1
| #define HAVE_SYS_STAT_H 1
| #define HAVE_STDLIB_H 1
| #define HAVE_STRING_H 1
| #define HAVE_MEMORY_H 1
| #define HAVE_STRINGS_H 1
| #define HAVE_INTTYPES_H 1
| #define HAVE_STDINT_H 1
| #define HAVE_UNISTD_H 1
| #define HAVE_DLFCN_H 1
| #define LT_OBJDIR ".libs/"
| /* end confdefs.h.  */
| #include <ac_nonexistent.h>
configure:12886: checking for ld used by g++
configure:12953: result: /usr/bin/ld -m elf_x86_64
configure:12960: checking if the linker (/usr/bin/ld -m elf_x86_64) is GNU ld
configure:12975: result: yes
configure:13030: checking whether the g++ linker (/usr/bin/ld -m elf_x86_64) supports shared libraries
configure:14103: result: yes
configure:14139: g++ -c -g -O2  conftest.cpp >&5
configure:14142: $? = 0
configure:14623: checking for g++ option to produce PIC
configure:14630: result: -fPIC -DPIC
configure:14638: checking if g++ PIC flag -fPIC -DPIC works
configure:14656: g++ -c -g -O2  -fPIC -DPIC -DPIC conftest.cpp >&5
configure:14660: $? = 0
configure:14673: result: yes
configure:14696: checking if g++ static flag -static works
configure:14724: result: yes
configure:14736: checking if g++ supports -c -o file.o
configure:14757: g++ -c -g -O2  -o out/conftest2.o conftest.cpp >&5
configure:14761: $? = 0
configure:14783: result: yes
configure:14788: checking if g++ supports -c -o file.o
configure:14835: result: yes
configure:14865: checking whether the g++ linker (/usr/bin/ld -m elf_x86_64) supports shared libraries
configure:14905: result: yes
configure:15046: checking dynamic linker characteristics
configure:15791: result: GNU/Linux ld.so
configure:15856: checking how to hardcode library paths into programs
configure:15881: result: immediate
configure:15945: checking for main in -lfl
configure:15964: gcc -o conftest -g -O2   conftest.c -lfl   >&5
/usr/bin/ld: cannot find -lfl
collect2: error: ld returned 1 exit status
configure:15964: $? = 1
configure: failed program was:
| /* confdefs.h */
| #define PACKAGE_NAME ""
| #define PACKAGE_TARNAME ""
| #define PACKAGE_VERSION ""
| #define PACKAGE_STRING ""
| #define PACKAGE_BUGREPORT ""
| #define PACKAGE_URL ""
| #define PACKAGE "htmlcxx"
| #define VERSION "0.86"
| #define STDC_HEADERS 1
| #define HAVE_SYS_TYPES_H 1
| #define HAVE_SYS_STAT_H 1
| #define HAVE_STDLIB_H 1
| #define HAVE_STRING_H 1
| #define HAVE_MEMORY_H 1
| #define HAVE_STRINGS_H 1
| #define HAVE_INTTYPES_H 1
| #define HAVE_STDINT_H 1
| #define HAVE_UNISTD_H 1
| #define HAVE_DLFCN_H 1
| #define LT_OBJDIR ".libs/"
| /* end confdefs.h.  */
| 
| 
| int
| main ()
| {
| return main ();
|   ;
|   return 0;
| }
configure:15973: result: no
configure:15984: checking for iconv_open in -liconv
configure:16009: gcc -o conftest -g -O2   conftest.c -liconv   >&5
/usr/bin/ld: cannot find -liconv
collect2: error: ld returned 1 exit status
configure:16009: $? = 1
configure: failed program was:
| /* confdefs.h */
| #define PACKAGE_NAME ""
| #define PACKAGE_TARNAME ""
| #define PACKAGE_VERSION ""
| #define PACKAGE_STRING ""
| #define PACKAGE_BUGREPORT ""
| #define PACKAGE_URL ""
| #define PACKAGE "htmlcxx"
| #define VERSION "0.86"
| #define STDC_HEADERS 1
| #define HAVE_SYS_TYPES_H 1
| #define HAVE_SYS_STAT_H 1
| #define HAVE_STDLIB_H 1
| #define HAVE_STRING_H 1
| #define HAVE_MEMORY_H 1
| #define HAVE_STRINGS_H 1
| #define HAVE_INTTYPES_H 1
| #define HAVE_STDINT_H 1
| #define HAVE_UNISTD_H 1
| #define HAVE_DLFCN_H 1
| #define LT_OBJDIR ".libs/"
| /* end confdefs.h.  */
| 
| /* Override any GCC internal prototype to avoid an error.
|    Use char because int might match the return type of a GCC
|    builtin and then its argument prototype would still apply.  */
| #ifdef __cplusplus
| extern "C"
| #endif
| char iconv_open ();
| int
| main ()
| {
| return iconv_open ();
|   ;
|   return 0;
| }
configure:16018: result: no
configure:16032: checking for ANSI C header files
configure:16136: result: yes
configure:16147: checking for stdbool.h that conforms to C99
configure:16214: gcc -c -g -O2  conftest.c >&5
configure:16214: $? = 0
configure:16221: result: yes
configure:16223: checking for _Bool
configure:16223: gcc -c -g -O2  conftest.c >&5
configure:16223: $? = 0
configure:16223: gcc -c -g -O2  conftest.c >&5
conftest.c: In function 'main':
conftest.c:60:20: error: expected expression before ')' token
 if (sizeof ((_Bool)))
                    ^
configure:16223: $? = 1
configure: failed program was:
| /* confdefs.h */
| #define PACKAGE_NAME ""
| #define PACKAGE_TARNAME ""
| #define PACKAGE_VERSION ""
| #define PACKAGE_STRING ""
| #define PACKAGE_BUGREPORT ""
| #define PACKAGE_URL ""
| #define PACKAGE "htmlcxx"
| #define VERSION "0.86"
| #define STDC_HEADERS 1
| #define HAVE_SYS_TYPES_H 1
| #define HAVE_SYS_STAT_H 1
| #define HAVE_STDLIB_H 1
| #define HAVE_STRING_H 1
| #define HAVE_MEMORY_H 1
| #define HAVE_STRINGS_H 1
| #define HAVE_INTTYPES_H 1
| #define HAVE_STDINT_H 1
| #define HAVE_UNISTD_H 1
| #define HAVE_DLFCN_H 1
| #define LT_OBJDIR ".libs/"
| #define STDC_HEADERS 1
| /* end confdefs.h.  */
| #include <stdio.h>
| #ifdef HAVE_SYS_TYPES_H
| # include <sys/types.h>
| #endif
| #ifdef HAVE_SYS_STAT_H
| # include <sys/stat.h>
| #endif
| #ifdef STDC_HEADERS
| # include <stdlib.h>
| # include <stddef.h>
| #else
| # ifdef HAVE_STDLIB_H
| #  include <stdlib.h>
| # endif
| #endif
| #ifdef HAVE_STRING_H
| # if !defined STDC_HEADERS && defined HAVE_MEMORY_H
| #  include <memory.h>
| # endif
| # include <string.h>
| #endif
| #ifdef HAVE_STRINGS_H
| # include <strings.h>
| #endif
| #ifdef HAVE_INTTYPES_H
| # include <inttypes.h>
| #endif
| #ifdef HAVE_STDINT_H
| # include <stdint.h>
| #endif
| #ifdef HAVE_UNISTD_H
| # include <unistd.h>
| #endif
| int
| main ()
| {
| if (sizeof ((_Bool)))
| 	    return 0;
|   ;
|   return 0;
| }
configure:16223: result: yes
configure:16240: checking for an ANSI C-conforming const
configure:16306: gcc -c -g -O2  conftest.c >&5
configure:16306: $? = 0
configure:16313: result: yes
configure:16321: checking for inline
configure:16337: gcc -c -g -O2  conftest.c >&5
configure:16337: $? = 0
configure:16345: result: inline
configure:16363: checking for size_t
configure:16363: gcc -c -g -O2  conftest.c >&5
configure:16363: $? = 0
configure:16363: gcc -c -g -O2  conftest.c >&5
conftest.c: In function 'main':
conftest.c:62:21: error: expected expression before ')' token
 if (sizeof ((size_t)))
                     ^
configure:16363: $? = 1
configure: failed program was:
| /* confdefs.h */
| #define PACKAGE_NAME ""
| #define PACKAGE_TARNAME ""
| #define PACKAGE_VERSION ""
| #define PACKAGE_STRING ""
| #define PACKAGE_BUGREPORT ""
| #define PACKAGE_URL ""
| #define PACKAGE "htmlcxx"
| #define VERSION "0.86"
| #define STDC_HEADERS 1
| #define HAVE_SYS_TYPES_H 1
| #define HAVE_SYS_STAT_H 1
| #define HAVE_STDLIB_H 1
| #define HAVE_STRING_H 1
| #define HAVE_MEMORY_H 1
| #define HAVE_STRINGS_H 1
| #define HAVE_INTTYPES_H 1
| #define HAVE_STDINT_H 1
| #define HAVE_UNISTD_H 1
| #define HAVE_DLFCN_H 1
| #define LT_OBJDIR ".libs/"
| #define STDC_HEADERS 1
| #define HAVE__BOOL 1
| #define HAVE_STDBOOL_H 1
| /* end confdefs.h.  */
| #include <stdio.h>
| #ifdef HAVE_SYS_TYPES_H
| # include <sys/types.h>
| #endif
| #ifdef HAVE_SYS_STAT_H
| # include <sys/stat.h>
| #endif
| #ifdef STDC_HEADERS
| # include <stdlib.h>
| # include <stddef.h>
| #else
| # ifdef HAVE_STDLIB_H
| #  include <stdlib.h>
| # endif
| #endif
| #ifdef HAVE_STRING_H
| # if !defined STDC_HEADERS && defined HAVE_MEMORY_H
| #  include <memory.h>
| # endif
| # include <string.h>
| #endif
| #ifdef HAVE_STRINGS_H
| # include <strings.h>
| #endif
| #ifdef HAVE_INTTYPES_H
| # include <inttypes.h>
| #endif
| #ifdef HAVE_STDINT_H
| # include <stdint.h>
| #endif
| #ifdef HAVE_UNISTD_H
| # include <unistd.h>
| #endif
| int
| main ()
| {
| if (sizeof ((size_t)))
| 	    return 0;
|   ;
|   return 0;
| }
configure:16363: result: yes
configure:16374: checking whether time.h and sys/time.h may both be included
configure:16394: gcc -c -g -O2  conftest.c >&5
configure:16394: $? = 0
configure:16401: result: yes
configure:16532: checking that generated files are newer than configure
configure:16538: result: done
configure:16565: creating ./config.status

## ---------------------- ##
## Running config.status. ##
## ---------------------- ##

This file was extended by config.status, which was
generated by GNU Autoconf 2.69.  Invocation command line was

  CONFIG_FILES    = 
  CONFIG_HEADERS  = 
  CONFIG_LINKS    = 
  CONFIG_COMMANDS = 
  $ ./config.status 

on lcschv

config.status:1158: creating Makefile
config.status:1158: creating html/Makefile
config.status:1158: creating css/Makefile
config.status:1158: creating htmlcxx.pc
config.status:1158: creating config.h
config.status:1339: config.h is unchanged
config.status:1387: executing depfiles commands
config.status:1387: executing libtool commands

## ---------------- ##
## Cache variables. ##
## ---------------- ##

ac_cv_build=x86_64-unknown-linux-gnu
ac_cv_c_compiler_gnu=yes
ac_cv_c_const=yes
ac_cv_c_inline=inline
ac_cv_cxx_compiler_gnu=yes
ac_cv_env_CCC_set=
ac_cv_env_CCC_value=
ac_cv_env_CC_set=
ac_cv_env_CC_value=
ac_cv_env_CFLAGS_set=
ac_cv_env_CFLAGS_value=
ac_cv_env_CPPFLAGS_set=
ac_cv_env_CPPFLAGS_value=
ac_cv_env_CPP_set=
ac_cv_env_CPP_value=
ac_cv_env_CXXCPP_set=
ac_cv_env_CXXCPP_value=
ac_cv_env_CXXFLAGS_set=
ac_cv_env_CXXFLAGS_value=
ac_cv_env_CXX_set=
ac_cv_env_CXX_value=
ac_cv_env_LDFLAGS_set=
ac_cv_env_LDFLAGS_value=
ac_cv_env_LIBS_set=
ac_cv_env_LIBS_value=
ac_cv_env_LT_SYS_LIBRARY_PATH_set=
ac_cv_env_LT_SYS_LIBRARY_PATH_value=
ac_cv_env_YACC_set=
ac_cv_env_YACC_value=
ac_cv_env_YFLAGS_set=
ac_cv_env_YFLAGS_value=
ac_cv_env_build_alias_set=
ac_cv_env_build_alias_value=
ac_cv_env_host_alias_set=
ac_cv_env_host_alias_value=
ac_cv_env_target_alias_set=
ac_cv_env_target_alias_value=
ac_cv_header_dlfcn_h=yes
ac_cv_header_inttypes_h=yes
ac_cv_header_memory_h=yes
ac_cv_header_stdbool_h=yes
ac_cv_header_stdc=yes
ac_cv_header_stdint_h=yes
ac_cv_header_stdlib_h=yes
ac_cv_header_string_h=yes
ac_cv_header_strings_h=yes
ac_cv_header_sys_stat_h=yes
ac_cv_header_sys_types_h=yes
ac_cv_header_time=yes
ac_cv_header_unistd_h=yes
ac_cv_host=x86_64-unknown-linux-gnu
ac_cv_lib_fl_main=no
ac_cv_lib_iconv_iconv_open=no
ac_cv_objext=o
ac_cv_path_EGREP='/bin/grep -E'
ac_cv_path_FGREP='/bin/grep -F'
ac_cv_path_GREP=/bin/grep
ac_cv_path_SED=/bin/sed
ac_cv_path_install='/usr/bin/install -c'
ac_cv_path_lt_DD=/bin/dd
ac_cv_path_mkdir=/bin/mkdir
ac_cv_prog_AWK=mawk
ac_cv_prog_CPP='gcc -E'
ac_cv_prog_CXXCPP='g++ -E'
ac_cv_prog_ac_ct_AR=ar
ac_cv_prog_ac_ct_CC=gcc
ac_cv_prog_ac_ct_CXX=g++
ac_cv_prog_ac_ct_MANIFEST_TOOL=mt
ac_cv_prog_ac_ct_OBJDUMP=objdump
ac_cv_prog_ac_ct_RANLIB=ranlib
ac_cv_prog_ac_ct_STRIP=strip
ac_cv_prog_cc_c89=
ac_cv_prog_cc_g=yes
ac_cv_prog_cxx_g=yes
ac_cv_prog_make_make_set=yes
ac_cv_type__Bool=yes
ac_cv_type_size_t=yes
am_cv_CC_dependencies_compiler_type=gcc3
am_cv_CXX_dependencies_compiler_type=gcc3
am_cv_make_support_nested_variables=yes
am_cv_prog_cc_c_o=yes
lt_cv_ar_at_file=@
lt_cv_archive_cmds_need_lc=no
lt_cv_deplibs_check_method=pass_all
lt_cv_file_magic_cmd='$MAGIC_CMD'
lt_cv_file_magic_test_file=
lt_cv_ld_reload_flag=-r
lt_cv_nm_interface='BSD nm'
lt_cv_objdir=.libs
lt_cv_path_LD=/usr/bin/ld
lt_cv_path_LDCXX='/usr/bin/ld -m elf_x86_64'
lt_cv_path_NM='/usr/bin/nm -B'
lt_cv_path_mainfest_tool=no
lt_cv_prog_compiler_c_o=yes
lt_cv_prog_compiler_c_o_CXX=yes
lt_cv_prog_compiler_pic='-fPIC -DPIC'
lt_cv_prog_compiler_pic_CXX='-fPIC -DPIC'
lt_cv_prog_compiler_pic_works=yes
lt_cv_prog_compiler_pic_works_CXX=yes
lt_cv_prog_compiler_rtti_exceptions=no
lt_cv_prog_compiler_static_works=yes
lt_cv_prog_compiler_static_works_CXX=yes
lt_cv_prog_gnu_ld=yes
lt_cv_prog_gnu_ldcxx=yes
lt_cv_sharedlib_from_linklib_cmd='printf %s\n'
lt_cv_shlibpath_overrides_runpath=no
lt_cv_sys_global_symbol_pipe='sed -n -e '\''s/^.*[	 ]\([ABCDGIRSTW][ABCDGIRSTW]*\)[	 ][	 ]*\([_A-Za-z][_A-Za-z0-9]*\)$/\1 \2 \2/p'\'' | sed '\''/ __gnu_lto/d'\'''
lt_cv_sys_global_symbol_to_c_name_address='sed -n -e '\''s/^: \(.*\) .*$/  {"\1", (void *) 0},/p'\'' -e '\''s/^[ABCDGIRSTW][ABCDGIRSTW]* .* \(.*\)$/  {"\1", (void *) \&\1},/p'\'''
lt_cv_sys_global_symbol_to_c_name_address_lib_prefix='sed -n -e '\''s/^: \(.*\) .*$/  {"\1", (void *) 0},/p'\'' -e '\''s/^[ABCDGIRSTW][ABCDGIRSTW]* .* \(lib.*\)$/  {"\1", (void *) \&\1},/p'\'' -e '\''s/^[ABCDGIRSTW][ABCDGIRSTW]* .* \(.*\)$/  {"lib\1", (void *) \&\1},/p'\'''
lt_cv_sys_global_symbol_to_cdecl='sed -n -e '\''s/^T .* \(.*\)$/extern int \1();/p'\'' -e '\''s/^[ABCDGIRSTW][ABCDGIRSTW]* .* \(.*\)$/extern char \1;/p'\'''
lt_cv_sys_global_symbol_to_import=
lt_cv_sys_max_cmd_len=1572864
lt_cv_to_host_file_cmd=func_convert_file_noop
lt_cv_to_tool_file_cmd=func_convert_file_noop
lt_cv_truncate_bin='/bin/dd bs=4096 count=1'

## ----------------- ##
## Output variables. ##
## ----------------- ##

ACLOCAL='${SHELL} /home/lucas/Documentos/RI/Indexador/htmlcxx/missing aclocal-1.15'
AMDEPBACKSLASH='\'
AMDEP_FALSE='#'
AMDEP_TRUE=''
AMTAR='$${TAR-tar}'
AM_BACKSLASH='\'
AM_DEFAULT_V='$(AM_DEFAULT_VERBOSITY)'
AM_DEFAULT_VERBOSITY='1'
AM_V='$(V)'
AR='ar'
AUTOCONF='${SHELL} /home/lucas/Documentos/RI/Indexador/htmlcxx/missing autoconf'
AUTOHEADER='${SHELL} /home/lucas/Documentos/RI/Indexador/htmlcxx/missing autoheader'
AUTOMAKE='${SHELL} /home/lucas/Documentos/RI/Indexador/htmlcxx/missing automake-1.15'
AWK='mawk'
CC='gcc'
CCDEPMODE='depmode=gcc3'
CFLAGS='-g -O2'
CPP='gcc -E'
CPPFLAGS=''
CXX='g++'
CXXCPP='g++ -E'
CXXDEPMODE='depmode=gcc3'
CXXFLAGS='-g -O2 -DDEFAULT_CSS="\"${datarootdir}/htmlcxx/css/default.css\""'
CYGPATH_W='echo'
DEFS='-DHAVE_CONFIG_H'
DEPDIR='.deps'
DLLTOOL='false'
DSYMUTIL=''
DUMPBIN=''
ECHO_C=''
ECHO_N='-n'
ECHO_T=''
EGREP='/bin/grep -E'
EXEEXT=''
FGREP='/bin/grep -F'
GREP='/bin/grep'
INSTALL_DATA='${INSTALL} -m 644'
INSTALL_PROGRAM='${INSTALL}'
INSTALL_SCRIPT='${INSTALL}'
INSTALL_STRIP_PROGRAM='$(install_sh) -c -s'
LD='/usr/bin/ld -m elf_x86_64'
LDFLAGS=''
LEX='${SHELL} /home/lucas/Documentos/RI/Indexador/htmlcxx/missing flex'
LEXLIB=''
LEX_OUTPUT_ROOT=''
LIBOBJS=''
LIBS=''
LIBTOOL='$(SHELL) $(top_builddir)/libtool'
LIPO=''
LN_S='ln -s'
LTLIBOBJS=''
LT_SYS_LIBRARY_PATH=''
MAKEINFO='${SHELL} /home/lucas/Documentos/RI/Indexador/htmlcxx/missing makeinfo'
MANIFEST_TOOL=':'
MKDIR_P='/bin/mkdir -p'
NM='/usr/bin/nm -B'
NMEDIT=''
OBJDUMP='objdump'
OBJEXT='o'
OTOOL64=''
OTOOL=''
PACKAGE='htmlcxx'
PACKAGE_BUGREPORT=''
PACKAGE_NAME=''
PACKAGE_STRING=''
PACKAGE_TARNAME=''
PACKAGE_URL=''
PACKAGE_VERSION=''
PATH_SEPARATOR=':'
RANLIB='ranlib'
SED='/bin/sed'
SET_MAKE=''
SHELL='/bin/bash'
STRIP='strip'
VERSION='0.86'
YACC='yacc'
YFLAGS=''
ac_ct_AR='ar'
ac_ct_CC='gcc'
ac_ct_CXX='g++'
ac_ct_DUMPBIN=''
am__EXEEXT_FALSE=''
am__EXEEXT_TRUE='#'
am__fastdepCC_FALSE='#'
am__fastdepCC_TRUE=''
am__fastdepCXX_FALSE='#'
am__fastdepCXX_TRUE=''
am__include='include'
am__isrc=''
am__leading_dot='.'
am__nodep='_no'
am__quote=''
am__tar='$${TAR-tar} chof - "$$tardir"'
am__untar='$${TAR-tar} xf -'
bindir='${exec_prefix}/bin'
build='x86_64-unknown-linux-gnu'
build_alias=''
build_cpu='x86_64'
build_os='linux-gnu'
build_vendor='unknown'
datadir='${datarootdir}'
datarootdir='${prefix}/share'
docdir='${datarootdir}/doc/${PACKAGE}'
dvidir='${docdir}'
exec_prefix='${prefix}'
host='x86_64-unknown-linux-gnu'
host_alias=''
host_cpu='x86_64'
host_os='linux-gnu'
host_vendor='unknown'
htmldir='${docdir}'
includedir='${prefix}/include'
infodir='${datarootdir}/info'
install_sh='${SHELL} /home/lucas/Documentos/RI/Indexador/htmlcxx/install-sh'
libdir='${exec_prefix}/lib'
libexecdir='${exec_prefix}/libexec'
localedir='${datarootdir}/locale'
localstatedir='${prefix}/var'
mandir='${datarootdir}/man'
mkdir_p='$(MKDIR_P)'
oldincludedir='/usr/include'
pdfdir='${docdir}'
prefix='/usr/local'
program_transform_name='s,x,x,'
psdir='${docdir}'
sbindir='${exec_prefix}/sbin'
sharedstatedir='${prefix}/com'
sysconfdir='${prefix}/etc'
target_alias=''

## ----------- ##
## confdefs.h. ##
## ----------- ##

/* confdefs.h */
#define PACKAGE_NAME ""
#define PACKAGE_TARNAME ""
#define PACKAGE_VERSION ""
#define PACKAGE_STRING ""
#define PACKAGE_BUGREPORT ""
#define PACKAGE_URL ""
#define PACKAGE "htmlcxx"
#define VERSION "0.86"
#define STDC_HEADERS 1
#define HAVE_SYS_TYPES_H 1
#define HAVE_SYS_STAT_H 1
#define HAVE_STDLIB_H 1
#define HAVE_STRING_H 1
#define HAVE_MEMORY_H 1
#define HAVE_STRINGS_H 1
#define HAVE_INTTYPES_H 1
#define HAVE_STDINT_H 1
#define HAVE_UNISTD_H 1
#define HAVE_DLFCN_H 1
#define LT_OBJDIR ".libs/"
#define STDC_HEADERS 1
#define HAVE__BOOL 1
#define HAVE_STDBOOL_H 1
#define TIME_WITH_SYS_TIME 1

configure: exit 0
